<?xml version="1.0" encoding="UTF-8"?>
<testsuite xmlns:xsi="http://www.w3.org/2001/XMLSchema-instance" xsi:noNamespaceSchemaLocation="https://maven.apache.org/surefire/maven-surefire-plugin/xsd/surefire-test-report.xsd" name="com.hundsun.rd.zhuyf.practice.AppTest" time="0.06" tests="1" errors="0" skipped="0" failures="0">
  <properties>
    <property name="sun.desktop" value="windows"/>
    <property name="awt.toolkit" value="sun.awt.windows.WToolkit"/>
    <property name="file.encoding.pkg" value="sun.io"/>
    <property name="java.specification.version" value="1.8"/>
    <property name="sun.cpu.isalist" value="amd64"/>
    <property name="sun.jnu.encoding" value="GBK"/>
    <property name="java.class.path" value="E:\practice\dubbo\dubbo-demo\dubbo-demo-client\target\test-classes;E:\practice\dubbo\dubbo-demo\dubbo-demo-client\target\classes;E:\local-repo\org\apache\dubbo\dubbo\2.7.2\dubbo-2.7.2.jar;E:\local-repo\org\springframework\spring-context\4.3.16.RELEASE\spring-context-4.3.16.RELEASE.jar;E:\local-repo\org\springframework\spring-aop\4.3.16.RELEASE\spring-aop-4.3.16.RELEASE.jar;E:\local-repo\org\springframework\spring-beans\4.3.16.RELEASE\spring-beans-4.3.16.RELEASE.jar;E:\local-repo\org\springframework\spring-core\4.3.16.RELEASE\spring-core-4.3.16.RELEASE.jar;E:\local-repo\commons-logging\commons-logging\1.2\commons-logging-1.2.jar;E:\local-repo\org\springframework\spring-expression\4.3.16.RELEASE\spring-expression-4.3.16.RELEASE.jar;E:\local-repo\org\javassist\javassist\3.20.0-GA\javassist-3.20.0-GA.jar;E:\local-repo\io\netty\netty-all\4.1.25.Final\netty-all-4.1.25.Final.jar;E:\local-repo\com\google\code\gson\gson\2.8.5\gson-2.8.5.jar;E:\local-repo\org\yaml\snakeyaml\1.20\snakeyaml-1.20.jar;E:\local-repo\org\slf4j\slf4j-api\1.7.26\slf4j-api-1.7.26.jar;E:\local-repo\ch\qos\logback\logback-classic\1.2.3\logback-classic-1.2.3.jar;E:\local-repo\ch\qos\logback\logback-core\1.2.3\logback-core-1.2.3.jar;E:\local-repo\junit\junit\4.11\junit-4.11.jar;E:\local-repo\org\hamcrest\hamcrest-core\1.3\hamcrest-core-1.3.jar;E:\practice\dubbo\dubbo-demo\dubbo-demo-api\target\dubbo-demo-api-1.0-SNAPSHOT.jar;E:\local-repo\org\jboss\resteasy\resteasy-jaxrs\3.8.1.Final\resteasy-jaxrs-3.8.1.Final.jar;E:\local-repo\org\jboss\spec\javax\ws\rs\jboss-jaxrs-api_2.1_spec\1.0.3.Final\jboss-jaxrs-api_2.1_spec-1.0.3.Final.jar;E:\local-repo\org\jboss\spec\javax\xml\bind\jboss-jaxb-api_2.3_spec\1.0.1.Final\jboss-jaxb-api_2.3_spec-1.0.1.Final.jar;E:\local-repo\org\reactivestreams\reactive-streams\1.0.2\reactive-streams-1.0.2.jar;E:\local-repo\javax\validation\validation-api\2.0.1.Final\validation-api-2.0.1.Final.jar;E:\local-repo\org\jboss\spec\javax\annotation\jboss-annotations-api_1.3_spec\1.0.1.Final\jboss-annotations-api_1.3_spec-1.0.1.Final.jar;E:\local-repo\javax\activation\activation\1.1.1\activation-1.1.1.jar;E:\local-repo\org\apache\httpcomponents\httpclient\4.5.4\httpclient-4.5.4.jar;E:\local-repo\org\apache\httpcomponents\httpcore\4.4.7\httpcore-4.4.7.jar;E:\local-repo\commons-codec\commons-codec\1.10\commons-codec-1.10.jar;E:\local-repo\commons-io\commons-io\2.5\commons-io-2.5.jar;E:\local-repo\com\github\stephenc\jcip\jcip-annotations\1.0-1\jcip-annotations-1.0-1.jar;E:\local-repo\org\jboss\logging\jboss-logging\3.3.2.Final\jboss-logging-3.3.2.Final.jar;E:\local-repo\org\jboss\resteasy\resteasy-client\4.0.0.Final\resteasy-client-4.0.0.Final.jar;E:\local-repo\org\jboss\resteasy\resteasy-client-api\4.0.0.Final\resteasy-client-api-4.0.0.Final.jar;E:\local-repo\org\jboss\resteasy\resteasy-core-spi\4.0.0.Final\resteasy-core-spi-4.0.0.Final.jar;E:\local-repo\org\jboss\resteasy\resteasy-core\4.0.0.Final\resteasy-core-4.0.0.Final.jar;E:\local-repo\org\eclipse\microprofile\config\microprofile-config-api\1.3\microprofile-config-api-1.3.jar;E:\local-repo\org\osgi\org.osgi.annotation.versioning\1.0.0\org.osgi.annotation.versioning-1.0.0.jar;E:\local-repo\io\smallrye\smallrye-config\1.3.3\smallrye-config-1.3.3.jar;E:\local-repo\javax\enterprise\cdi-api\1.2\cdi-api-1.2.jar;E:\local-repo\javax\el\javax.el-api\3.0.0\javax.el-api-3.0.0.jar;E:\local-repo\javax\interceptor\javax.interceptor-api\1.2\javax.interceptor-api-1.2.jar;E:\local-repo\javax\inject\javax.inject\1\javax.inject-1.jar;"/>
    <property name="java.vm.vendor" value="Oracle Corporation"/>
    <property name="sun.arch.data.model" value="64"/>
    <property name="user.variant" value=""/>
    <property name="java.vendor.url" value="http://java.oracle.com/"/>
    <property name="user.timezone" value="GMT+08:00"/>
    <property name="java.vm.specification.version" value="1.8"/>
    <property name="os.name" value="Windows 10"/>
    <property name="user.country" value="CN"/>
    <property name="sun.java.launcher" value="SUN_STANDARD"/>
    <property name="sun.boot.library.path" value="C:\Program Files\Java\jdk1.8.0_241\jre\bin"/>
    <property name="sun.java.command" value="C:\Users\zhuyf\AppData\Local\Temp\surefire5999741332531534384\surefirebooter2083948386493073295.jar C:\Users\zhuyf\AppData\Local\Temp\surefire5999741332531534384 2020-02-05T17-36-15_120-jvmRun1 surefire7367269105215888978tmp surefire_24140568238478679767tmp"/>
    <property name="surefire.test.class.path" value="E:\practice\dubbo\dubbo-demo\dubbo-demo-client\target\test-classes;E:\practice\dubbo\dubbo-demo\dubbo-demo-client\target\classes;E:\local-repo\org\apache\dubbo\dubbo\2.7.2\dubbo-2.7.2.jar;E:\local-repo\org\springframework\spring-context\4.3.16.RELEASE\spring-context-4.3.16.RELEASE.jar;E:\local-repo\org\springframework\spring-aop\4.3.16.RELEASE\spring-aop-4.3.16.RELEASE.jar;E:\local-repo\org\springframework\spring-beans\4.3.16.RELEASE\spring-beans-4.3.16.RELEASE.jar;E:\local-repo\org\springframework\spring-core\4.3.16.RELEASE\spring-core-4.3.16.RELEASE.jar;E:\local-repo\commons-logging\commons-logging\1.2\commons-logging-1.2.jar;E:\local-repo\org\springframework\spring-expression\4.3.16.RELEASE\spring-expression-4.3.16.RELEASE.jar;E:\local-repo\org\javassist\javassist\3.20.0-GA\javassist-3.20.0-GA.jar;E:\local-repo\io\netty\netty-all\4.1.25.Final\netty-all-4.1.25.Final.jar;E:\local-repo\com\google\code\gson\gson\2.8.5\gson-2.8.5.jar;E:\local-repo\org\yaml\snakeyaml\1.20\snakeyaml-1.20.jar;E:\local-repo\org\slf4j\slf4j-api\1.7.26\slf4j-api-1.7.26.jar;E:\local-repo\ch\qos\logback\logback-classic\1.2.3\logback-classic-1.2.3.jar;E:\local-repo\ch\qos\logback\logback-core\1.2.3\logback-core-1.2.3.jar;E:\local-repo\junit\junit\4.11\junit-4.11.jar;E:\local-repo\org\hamcrest\hamcrest-core\1.3\hamcrest-core-1.3.jar;E:\practice\dubbo\dubbo-demo\dubbo-demo-api\target\dubbo-demo-api-1.0-SNAPSHOT.jar;E:\local-repo\org\jboss\resteasy\resteasy-jaxrs\3.8.1.Final\resteasy-jaxrs-3.8.1.Final.jar;E:\local-repo\org\jboss\spec\javax\ws\rs\jboss-jaxrs-api_2.1_spec\1.0.3.Final\jboss-jaxrs-api_2.1_spec-1.0.3.Final.jar;E:\local-repo\org\jboss\spec\javax\xml\bind\jboss-jaxb-api_2.3_spec\1.0.1.Final\jboss-jaxb-api_2.3_spec-1.0.1.Final.jar;E:\local-repo\org\reactivestreams\reactive-streams\1.0.2\reactive-streams-1.0.2.jar;E:\local-repo\javax\validation\validation-api\2.0.1.Final\validation-api-2.0.1.Final.jar;E:\local-repo\org\jboss\spec\javax\annotation\jboss-annotations-api_1.3_spec\1.0.1.Final\jboss-annotations-api_1.3_spec-1.0.1.Final.jar;E:\local-repo\javax\activation\activation\1.1.1\activation-1.1.1.jar;E:\local-repo\org\apache\httpcomponents\httpclient\4.5.4\httpclient-4.5.4.jar;E:\local-repo\org\apache\httpcomponents\httpcore\4.4.7\httpcore-4.4.7.jar;E:\local-repo\commons-codec\commons-codec\1.10\commons-codec-1.10.jar;E:\local-repo\commons-io\commons-io\2.5\commons-io-2.5.jar;E:\local-repo\com\github\stephenc\jcip\jcip-annotations\1.0-1\jcip-annotations-1.0-1.jar;E:\local-repo\org\jboss\logging\jboss-logging\3.3.2.Final\jboss-logging-3.3.2.Final.jar;E:\local-repo\org\jboss\resteasy\resteasy-client\4.0.0.Final\resteasy-client-4.0.0.Final.jar;E:\local-repo\org\jboss\resteasy\resteasy-client-api\4.0.0.Final\resteasy-client-api-4.0.0.Final.jar;E:\local-repo\org\jboss\resteasy\resteasy-core-spi\4.0.0.Final\resteasy-core-spi-4.0.0.Final.jar;E:\local-repo\org\jboss\resteasy\resteasy-core\4.0.0.Final\resteasy-core-4.0.0.Final.jar;E:\local-repo\org\eclipse\microprofile\config\microprofile-config-api\1.3\microprofile-config-api-1.3.jar;E:\local-repo\org\osgi\org.osgi.annotation.versioning\1.0.0\org.osgi.annotation.versioning-1.0.0.jar;E:\local-repo\io\smallrye\smallrye-config\1.3.3\smallrye-config-1.3.3.jar;E:\local-repo\javax\enterprise\cdi-api\1.2\cdi-api-1.2.jar;E:\local-repo\javax\el\javax.el-api\3.0.0\javax.el-api-3.0.0.jar;E:\local-repo\javax\interceptor\javax.interceptor-api\1.2\javax.interceptor-api-1.2.jar;E:\local-repo\javax\inject\javax.inject\1\javax.inject-1.jar;"/>
    <property name="sun.cpu.endian" value="little"/>
    <property name="user.home" value="C:\Users\zhuyf"/>
    <property name="user.language" value="zh"/>
    <property name="java.specification.vendor" value="Oracle Corporation"/>
    <property name="idea.version2019.2.2" value="true"/>
    <property name="java.home" value="C:\Program Files\Java\jdk1.8.0_241\jre"/>
    <property name="basedir" value="E:\practice\dubbo\dubbo-demo\dubbo-demo-client"/>
    <property name="file.separator" value="\"/>
    <property name="line.separator" value="&#10;"/>
    <property name="java.vm.specification.vendor" value="Oracle Corporation"/>
    <property name="java.specification.name" value="Java Platform API Specification"/>
    <property name="java.awt.graphicsenv" value="sun.awt.Win32GraphicsEnvironment"/>
    <property name="surefire.real.class.path" value="C:\Users\zhuyf\AppData\Local\Temp\surefire5999741332531534384\surefirebooter2083948386493073295.jar"/>
    <property name="sun.boot.class.path" value="C:\Program Files\Java\jdk1.8.0_241\jre\lib\resources.jar;C:\Program Files\Java\jdk1.8.0_241\jre\lib\rt.jar;C:\Program Files\Java\jdk1.8.0_241\jre\lib\sunrsasign.jar;C:\Program Files\Java\jdk1.8.0_241\jre\lib\jsse.jar;C:\Program Files\Java\jdk1.8.0_241\jre\lib\jce.jar;C:\Program Files\Java\jdk1.8.0_241\jre\lib\charsets.jar;C:\Program Files\Java\jdk1.8.0_241\jre\lib\jfr.jar;C:\Program Files\Java\jdk1.8.0_241\jre\classes"/>
    <property name="user.script" value=""/>
    <property name="sun.management.compiler" value="HotSpot 64-Bit Tiered Compilers"/>
    <property name="java.runtime.version" value="1.8.0_241-b07"/>
    <property name="user.name" value="zhuyf"/>
    <property name="path.separator" value=";"/>
    <property name="os.version" value="10.0"/>
    <property name="java.endorsed.dirs" value="C:\Program Files\Java\jdk1.8.0_241\jre\lib\endorsed"/>
    <property name="java.runtime.name" value="Java(TM) SE Runtime Environment"/>
    <property name="file.encoding" value="GBK"/>
    <property name="java.vm.name" value="Java HotSpot(TM) 64-Bit Server VM"/>
    <property name="localRepository" value="E:\local-repo"/>
    <property name="java.vendor.url.bug" value="http://bugreport.sun.com/bugreport/"/>
    <property name="java.io.tmpdir" value="C:\Users\zhuyf\AppData\Local\Temp\"/>
    <property name="java.version" value="1.8.0_241"/>
    <property name="user.dir" value="E:\practice\dubbo\dubbo-demo\dubbo-demo-client"/>
    <property name="os.arch" value="amd64"/>
    <property name="java.vm.specification.name" value="Java Virtual Machine Specification"/>
    <property name="java.awt.printerjob" value="sun.awt.windows.WPrinterJob"/>
    <property name="sun.os.patch.level" value=""/>
    <property name="java.library.path" value="C:\Program Files\Java\jdk1.8.0_241\jre\bin;C:\WINDOWS\Sun\Java\bin;C:\WINDOWS\system32;C:\WINDOWS;C:\Program Files (x86)\Common Files\Oracle\Java\javapath;C:\WINDOWS\system32;C:\WINDOWS;C:\WINDOWS\System32\Wbem;C:\WINDOWS\System32\WindowsPowerShell\v1.0\;C:\WINDOWS\System32\OpenSSH\;C:\Program Files\Git\cmd;C:\Program Files\TortoiseSVN\bin;C:\Users\zhuyf\AppData\Local\Microsoft\WindowsApps;C:\Program Files\Java\jdk1.8.0_241\bin;E:\apache-maven-3.6.1\bin;;."/>
    <property name="java.vm.info" value="mixed mode"/>
    <property name="java.vendor" value="Oracle Corporation"/>
    <property name="java.vm.version" value="25.241-b07"/>
    <property name="java.ext.dirs" value="C:\Program Files\Java\jdk1.8.0_241\jre\lib\ext;C:\WINDOWS\Sun\Java\lib\ext"/>
    <property name="sun.io.unicode.encoding" value="UnicodeLittle"/>
    <property name="java.class.version" value="52.0"/>
  </properties>
  <testcase name="shouldAnswerWithTrue" classname="com.hundsun.rd.zhuyf.practice.AppTest" time="0.001"/>
</testsuite>